mode: atomic
github.com/pd120424d/mountain-service/api/employee/cmd/main.go:48.13,54.15 5 0
github.com/pd120424d/mountain-service/api/employee/cmd/main.go:54.15,56.3 1 0
github.com/pd120424d/mountain-service/api/employee/cmd/main.go:58.2,59.16 2 0
github.com/pd120424d/mountain-service/api/employee/cmd/main.go:59.16,60.50 1 0
github.com/pd120424d/mountain-service/api/employee/cmd/main.go:62.2,62.31 1 0
github.com/pd120424d/mountain-service/api/employee/cmd/main.go:62.31,64.17 2 0
github.com/pd120424d/mountain-service/api/employee/cmd/main.go:64.17,66.4 1 0
github.com/pd120424d/mountain-service/api/employee/cmd/main.go:69.2,89.12 10 0
github.com/pd120424d/mountain-service/api/employee/cmd/main.go:89.12,90.87 1 0
github.com/pd120424d/mountain-service/api/employee/cmd/main.go:90.87,92.4 1 0
github.com/pd120424d/mountain-service/api/employee/cmd/main.go:95.2,105.42 8 0
github.com/pd120424d/mountain-service/api/employee/cmd/main.go:105.42,107.3 1 0
github.com/pd120424d/mountain-service/api/employee/cmd/main.go:109.2,109.38 1 0
github.com/pd120424d/mountain-service/api/employee/cmd/main.go:112.71,115.16 3 0
github.com/pd120424d/mountain-service/api/employee/cmd/main.go:115.16,117.3 1 0
github.com/pd120424d/mountain-service/api/employee/cmd/main.go:119.2,120.16 2 0
github.com/pd120424d/mountain-service/api/employee/cmd/main.go:120.16,122.3 1 0
github.com/pd120424d/mountain-service/api/employee/cmd/main.go:124.2,133.16 5 0
github.com/pd120424d/mountain-service/api/employee/cmd/main.go:133.16,135.3 1 0
github.com/pd120424d/mountain-service/api/employee/cmd/main.go:137.2,138.11 2 0
github.com/pd120424d/mountain-service/api/employee/cmd/main.go:141.62,152.46 4 0
github.com/pd120424d/mountain-service/api/employee/cmd/main.go:152.46,157.3 2 0
github.com/pd120424d/mountain-service/api/employee/cmd/main.go:158.2,158.46 1 0
github.com/pd120424d/mountain-service/api/employee/cmd/main.go:158.46,160.3 1 0
github.com/pd120424d/mountain-service/api/employee/cmd/main.go:163.2,175.52 8 0
github.com/pd120424d/mountain-service/api/employee/cmd/main.go:178.92,182.2 4 0
github.com/pd120424d/mountain-service/api/employee/cmd/main.go:182.2,189.3 6 0
github.com/pd120424d/mountain-service/api/employee/cmd/main.go:192.2,192.38 1 0
github.com/pd120424d/mountain-service/api/employee/cmd/main.go:192.38,195.3 2 0
github.com/pd120424d/mountain-service/api/employee/cmd/main.go:198.50,200.16 2 0
github.com/pd120424d/mountain-service/api/employee/cmd/main.go:200.16,202.3 1 0
github.com/pd120424d/mountain-service/api/employee/cmd/main.go:203.2,203.28 1 0
github.com/pd120424d/mountain-service/api/employee/cmd/docs/docs.go:590.13,592.2 1 0
github.com/pd120424d/mountain-service/api/employee/config/config.go:14.66,16.2 1 0
github.com/pd120424d/mountain-service/api/employee/internal/auth/helper.go:20.64,33.2 4 3
github.com/pd120424d/mountain-service/api/employee/internal/auth/helper.go:36.63,37.104 1 3
github.com/pd120424d/mountain-service/api/employee/internal/auth/helper.go:37.104,40.3 2 2
github.com/pd120424d/mountain-service/api/employee/internal/auth/helper.go:41.2,41.16 1 3
github.com/pd120424d/mountain-service/api/employee/internal/auth/helper.go:41.16,43.3 1 1
github.com/pd120424d/mountain-service/api/employee/internal/auth/helper.go:45.2,46.25 2 2
github.com/pd120424d/mountain-service/api/employee/internal/auth/helper.go:46.25,48.3 1 0
github.com/pd120424d/mountain-service/api/employee/internal/auth/helper.go:50.2,50.20 1 2
github.com/pd120424d/mountain-service/api/employee/internal/auth/helper.go:54.52,57.2 2 2
github.com/pd120424d/mountain-service/api/employee/internal/auth/helper.go:60.58,63.2 2 1
github.com/pd120424d/mountain-service/api/employee/internal/auth/middleware.go:11.55,12.32 1 3
github.com/pd120424d/mountain-service/api/employee/internal/auth/middleware.go:12.32,14.68 2 3
github.com/pd120424d/mountain-service/api/employee/internal/auth/middleware.go:14.68,19.4 4 1
github.com/pd120424d/mountain-service/api/employee/internal/auth/middleware.go:21.3,23.17 3 2
github.com/pd120424d/mountain-service/api/employee/internal/auth/middleware.go:23.17,28.4 4 1
github.com/pd120424d/mountain-service/api/employee/internal/auth/middleware.go:31.3,36.13 4 1
github.com/pd120424d/mountain-service/api/employee/internal/auth/helper.go:20.64,33.2 4 1
github.com/pd120424d/mountain-service/api/employee/internal/auth/helper.go:36.63,37.104 1 0
github.com/pd120424d/mountain-service/api/employee/internal/auth/helper.go:37.104,40.3 2 0
github.com/pd120424d/mountain-service/api/employee/internal/auth/helper.go:41.2,41.16 1 0
github.com/pd120424d/mountain-service/api/employee/internal/auth/helper.go:41.16,43.3 1 0
github.com/pd120424d/mountain-service/api/employee/internal/auth/helper.go:45.2,46.25 2 0
github.com/pd120424d/mountain-service/api/employee/internal/auth/helper.go:46.25,48.3 1 0
github.com/pd120424d/mountain-service/api/employee/internal/auth/helper.go:50.2,50.20 1 0
github.com/pd120424d/mountain-service/api/employee/internal/auth/helper.go:54.52,57.2 2 0
github.com/pd120424d/mountain-service/api/employee/internal/auth/helper.go:60.58,63.2 2 2
github.com/pd120424d/mountain-service/api/employee/internal/auth/middleware.go:11.55,12.32 1 0
github.com/pd120424d/mountain-service/api/employee/internal/auth/middleware.go:12.32,14.68 2 0
github.com/pd120424d/mountain-service/api/employee/internal/auth/middleware.go:14.68,19.4 4 0
github.com/pd120424d/mountain-service/api/employee/internal/auth/middleware.go:21.3,23.17 3 0
github.com/pd120424d/mountain-service/api/employee/internal/auth/middleware.go:23.17,28.4 4 0
github.com/pd120424d/mountain-service/api/employee/internal/auth/middleware.go:31.3,36.13 4 0
github.com/pd120424d/mountain-service/api/employee/internal/handler/handler.go:35.142,37.2 1 26
github.com/pd120424d/mountain-service/api/employee/internal/handler/handler.go:49.62,52.48 3 15
github.com/pd120424d/mountain-service/api/employee/internal/handler/handler.go:52.48,55.3 2 1
github.com/pd120424d/mountain-service/api/employee/internal/handler/handler.go:57.2,60.26 3 14
github.com/pd120424d/mountain-service/api/employee/internal/handler/handler.go:60.26,63.3 2 1
github.com/pd120424d/mountain-service/api/employee/internal/handler/handler.go:65.2,82.16 4 13
github.com/pd120424d/mountain-service/api/employee/internal/handler/handler.go:82.16,86.3 3 1
github.com/pd120424d/mountain-service/api/employee/internal/handler/handler.go:87.2,87.32 1 12
github.com/pd120424d/mountain-service/api/employee/internal/handler/handler.go:87.32,90.3 2 2
github.com/pd120424d/mountain-service/api/employee/internal/handler/handler.go:93.2,97.16 3 10
github.com/pd120424d/mountain-service/api/employee/internal/handler/handler.go:97.16,101.3 3 1
github.com/pd120424d/mountain-service/api/employee/internal/handler/handler.go:102.2,102.32 1 9
github.com/pd120424d/mountain-service/api/employee/internal/handler/handler.go:102.32,105.3 2 2
github.com/pd120424d/mountain-service/api/employee/internal/handler/handler.go:108.2,108.66 1 7
github.com/pd120424d/mountain-service/api/employee/internal/handler/handler.go:108.66,112.3 3 4
github.com/pd120424d/mountain-service/api/employee/internal/handler/handler.go:114.2,114.53 1 3
github.com/pd120424d/mountain-service/api/employee/internal/handler/handler.go:114.53,118.3 3 1
github.com/pd120424d/mountain-service/api/employee/internal/handler/handler.go:120.2,132.40 2 2
github.com/pd120424d/mountain-service/api/employee/internal/handler/handler.go:145.59,149.49 3 4
github.com/pd120424d/mountain-service/api/employee/internal/handler/handler.go:149.49,152.3 2 1
github.com/pd120424d/mountain-service/api/employee/internal/handler/handler.go:155.2,156.16 2 3
github.com/pd120424d/mountain-service/api/employee/internal/handler/handler.go:156.16,160.3 3 1
github.com/pd120424d/mountain-service/api/employee/internal/handler/handler.go:163.2,163.58 1 2
github.com/pd120424d/mountain-service/api/employee/internal/handler/handler.go:163.58,167.3 3 1
github.com/pd120424d/mountain-service/api/employee/internal/handler/handler.go:170.2,171.16 2 1
github.com/pd120424d/mountain-service/api/employee/internal/handler/handler.go:171.16,175.3 3 0
github.com/pd120424d/mountain-service/api/employee/internal/handler/handler.go:177.2,178.48 2 1
github.com/pd120424d/mountain-service/api/employee/internal/handler/handler.go:189.59,193.16 3 5
github.com/pd120424d/mountain-service/api/employee/internal/handler/handler.go:193.16,197.3 3 1
github.com/pd120424d/mountain-service/api/employee/internal/handler/handler.go:199.2,201.32 3 4
github.com/pd120424d/mountain-service/api/employee/internal/handler/handler.go:201.32,213.3 1 4
github.com/pd120424d/mountain-service/api/employee/internal/handler/handler.go:215.2,217.35 3 4
github.com/pd120424d/mountain-service/api/employee/internal/handler/handler.go:232.60,237.66 4 5
github.com/pd120424d/mountain-service/api/employee/internal/handler/handler.go:237.66,241.3 3 1
github.com/pd120424d/mountain-service/api/employee/internal/handler/handler.go:243.2,244.49 2 4
github.com/pd120424d/mountain-service/api/employee/internal/handler/handler.go:244.49,248.3 3 1
github.com/pd120424d/mountain-service/api/employee/internal/handler/handler.go:251.2,251.59 1 3
github.com/pd120424d/mountain-service/api/employee/internal/handler/handler.go:251.59,255.3 3 1
github.com/pd120424d/mountain-service/api/employee/internal/handler/handler.go:257.2,259.61 2 2
github.com/pd120424d/mountain-service/api/employee/internal/handler/handler.go:259.61,263.3 3 1
github.com/pd120424d/mountain-service/api/employee/internal/handler/handler.go:265.2,266.31 2 1
github.com/pd120424d/mountain-service/api/employee/internal/handler/handler.go:278.60,283.16 4 2
github.com/pd120424d/mountain-service/api/employee/internal/handler/handler.go:283.16,287.3 3 0
github.com/pd120424d/mountain-service/api/employee/internal/handler/handler.go:289.2,289.60 1 2
github.com/pd120424d/mountain-service/api/employee/internal/handler/handler.go:289.60,293.3 3 1
github.com/pd120424d/mountain-service/api/employee/internal/handler/handler.go:295.2,296.76 2 1
github.com/pd120424d/mountain-service/api/employee/internal/handler/handler.go:309.57,314.35 4 0
github.com/pd120424d/mountain-service/api/employee/internal/handler/handler.go:314.35,317.3 2 0
github.com/pd120424d/mountain-service/api/employee/internal/handler/handler.go:319.2,320.49 2 0
github.com/pd120424d/mountain-service/api/employee/internal/handler/handler.go:320.49,323.3 2 0
github.com/pd120424d/mountain-service/api/employee/internal/handler/handler.go:325.2,326.26 2 0
github.com/pd120424d/mountain-service/api/employee/internal/handler/handler.go:326.26,329.3 2 0
github.com/pd120424d/mountain-service/api/employee/internal/handler/handler.go:331.2,332.16 2 0
github.com/pd120424d/mountain-service/api/employee/internal/handler/handler.go:332.16,335.3 2 0
github.com/pd120424d/mountain-service/api/employee/internal/handler/handler.go:338.2,339.16 2 0
github.com/pd120424d/mountain-service/api/employee/internal/handler/handler.go:339.16,343.3 3 0
github.com/pd120424d/mountain-service/api/employee/internal/handler/handler.go:346.2,347.16 2 0
github.com/pd120424d/mountain-service/api/employee/internal/handler/handler.go:347.16,350.3 2 0
github.com/pd120424d/mountain-service/api/employee/internal/handler/handler.go:351.2,351.14 1 0
github.com/pd120424d/mountain-service/api/employee/internal/handler/handler.go:351.14,354.3 2 0
github.com/pd120424d/mountain-service/api/employee/internal/handler/handler.go:357.2,358.16 2 0
github.com/pd120424d/mountain-service/api/employee/internal/handler/handler.go:358.16,361.3 2 0
github.com/pd120424d/mountain-service/api/employee/internal/handler/handler.go:362.2,362.108 1 0
github.com/pd120424d/mountain-service/api/employee/internal/handler/handler.go:362.108,365.3 2 0
github.com/pd120424d/mountain-service/api/employee/internal/handler/handler.go:368.2,369.16 2 0
github.com/pd120424d/mountain-service/api/employee/internal/handler/handler.go:369.16,372.3 2 0
github.com/pd120424d/mountain-service/api/employee/internal/handler/handler.go:374.2,375.75 2 0
github.com/pd120424d/mountain-service/api/employee/internal/handler/handler.go:386.55,391.35 4 0
github.com/pd120424d/mountain-service/api/employee/internal/handler/handler.go:391.35,395.3 3 0
github.com/pd120424d/mountain-service/api/employee/internal/handler/handler.go:398.2,400.16 3 0
github.com/pd120424d/mountain-service/api/employee/internal/handler/handler.go:400.16,403.3 2 0
github.com/pd120424d/mountain-service/api/employee/internal/handler/handler.go:404.2,407.31 3 0
github.com/pd120424d/mountain-service/api/employee/internal/handler/handler.go:407.31,413.3 1 0
github.com/pd120424d/mountain-service/api/employee/internal/handler/handler.go:415.2,417.35 3 0
github.com/pd120424d/mountain-service/api/employee/internal/handler/handler.go:429.67,435.21 5 0
github.com/pd120424d/mountain-service/api/employee/internal/handler/handler.go:435.21,437.17 2 0
github.com/pd120424d/mountain-service/api/employee/internal/handler/handler.go:437.17,440.4 2 0
github.com/pd120424d/mountain-service/api/employee/internal/handler/handler.go:441.8,443.3 1 0
github.com/pd120424d/mountain-service/api/employee/internal/handler/handler.go:446.2,447.16 2 0
github.com/pd120424d/mountain-service/api/employee/internal/handler/handler.go:447.16,450.3 2 0
github.com/pd120424d/mountain-service/api/employee/internal/handler/handler.go:452.2,453.62 2 0
github.com/pd120424d/mountain-service/api/employee/internal/handler/handler.go:466.57,470.49 3 0
github.com/pd120424d/mountain-service/api/employee/internal/handler/handler.go:470.49,473.3 2 0
github.com/pd120424d/mountain-service/api/employee/internal/handler/handler.go:476.2,477.16 2 0
github.com/pd120424d/mountain-service/api/employee/internal/handler/handler.go:477.16,480.3 2 0
github.com/pd120424d/mountain-service/api/employee/internal/handler/handler.go:482.2,483.37 2 0
github.com/pd120424d/mountain-service/api/employee/internal/model/dtos.go:90.51,104.2 1 14
github.com/pd120424d/mountain-service/api/employee/internal/model/dtos.go:106.50,107.19 1 3
github.com/pd120424d/mountain-service/api/employee/internal/model/dtos.go:107.19,109.3 1 0
github.com/pd120424d/mountain-service/api/employee/internal/model/dtos.go:110.2,111.12 2 3
github.com/pd120424d/mountain-service/api/employee/internal/model/dtos.go:115.47,116.20 1 14
github.com/pd120424d/mountain-service/api/employee/internal/model/dtos.go:116.20,118.3 1 0
github.com/pd120424d/mountain-service/api/employee/internal/model/dtos.go:119.2,119.43 1 14
github.com/pd120424d/mountain-service/api/employee/internal/model/entities.go:45.38,46.9 1 7
github.com/pd120424d/mountain-service/api/employee/internal/model/entities.go:47.18,48.17 1 2
github.com/pd120424d/mountain-service/api/employee/internal/model/entities.go:49.22,50.21 1 0
github.com/pd120424d/mountain-service/api/employee/internal/model/entities.go:51.26,52.25 1 0
github.com/pd120424d/mountain-service/api/employee/internal/model/entities.go:53.10,54.19 1 5
github.com/pd120424d/mountain-service/api/employee/internal/model/entities.go:58.35,60.2 1 14
github.com/pd120424d/mountain-service/api/employee/internal/model/entities.go:62.50,63.11 1 16
github.com/pd120424d/mountain-service/api/employee/internal/model/entities.go:64.15,65.15 1 13
github.com/pd120424d/mountain-service/api/employee/internal/model/entities.go:66.19,67.19 1 0
github.com/pd120424d/mountain-service/api/employee/internal/model/entities.go:68.23,69.23 1 0
github.com/pd120424d/mountain-service/api/employee/internal/model/entities.go:70.10,71.12 1 3
github.com/pd120424d/mountain-service/api/employee/internal/model/entities.go:75.34,77.2 1 1
github.com/pd120424d/mountain-service/api/employee/internal/model/entities.go:79.66,91.2 1 1
github.com/pd120424d/mountain-service/api/employee/internal/model/mapper.go:5.81,6.25 1 2
github.com/pd120424d/mountain-service/api/employee/internal/model/mapper.go:6.25,8.3 1 2
github.com/pd120424d/mountain-service/api/employee/internal/model/mapper.go:9.2,9.24 1 2
github.com/pd120424d/mountain-service/api/employee/internal/model/mapper.go:9.24,11.3 1 2
github.com/pd120424d/mountain-service/api/employee/internal/model/mapper.go:12.2,12.21 1 2
github.com/pd120424d/mountain-service/api/employee/internal/model/mapper.go:12.21,14.3 1 2
github.com/pd120424d/mountain-service/api/employee/internal/model/mapper.go:15.2,18.63 4 2
github.com/pd120424d/mountain-service/api/employee/internal/repositories/employee_repository.go:27.78,29.2 1 0
github.com/pd120424d/mountain-service/api/employee/internal/repositories/employee_repository.go:32.69,34.16 2 0
github.com/pd120424d/mountain-service/api/employee/internal/repositories/employee_repository.go:34.16,36.3 1 0
github.com/pd120424d/mountain-service/api/employee/internal/repositories/employee_repository.go:37.2,38.36 2 0
github.com/pd120424d/mountain-service/api/employee/internal/repositories/employee_repository.go:42.65,46.2 3 0
github.com/pd120424d/mountain-service/api/employee/internal/repositories/employee_repository.go:49.89,51.2 1 0
github.com/pd120424d/mountain-service/api/employee/internal/repositories/employee_repository.go:54.94,58.2 3 0
github.com/pd120424d/mountain-service/api/employee/internal/repositories/employee_repository.go:60.102,63.34 3 0
github.com/pd120424d/mountain-service/api/employee/internal/repositories/employee_repository.go:63.34,65.3 1 0
github.com/pd120424d/mountain-service/api/employee/internal/repositories/employee_repository.go:66.2,68.23 3 0
github.com/pd120424d/mountain-service/api/employee/internal/repositories/employee_repository.go:71.77,73.2 1 0
github.com/pd120424d/mountain-service/api/employee/internal/repositories/employee_repository.go:76.52,79.56 2 0
github.com/pd120424d/mountain-service/api/employee/internal/repositories/employee_repository.go:79.56,81.3 1 0
github.com/pd120424d/mountain-service/api/employee/internal/repositories/employee_repository.go:84.2,84.64 1 0
github.com/pd120424d/mountain-service/api/employee/internal/repositories/employee_repository.go:84.64,86.3 1 0
github.com/pd120424d/mountain-service/api/employee/internal/repositories/employee_repository.go:88.2,88.12 1 0
github.com/pd120424d/mountain-service/api/employee/internal/repositories/employee_repository_gomock.go:30.81,34.2 3 23
github.com/pd120424d/mountain-service/api/employee/internal/repositories/employee_repository_gomock.go:37.79,39.2 1 47
github.com/pd120424d/mountain-service/api/employee/internal/repositories/employee_repository_gomock.go:42.73,47.2 4 3
github.com/pd120424d/mountain-service/api/employee/internal/repositories/employee_repository_gomock.go:50.89,53.2 2 6
github.com/pd120424d/mountain-service/api/employee/internal/repositories/employee_repository_gomock.go:56.64,61.2 4 2
github.com/pd120424d/mountain-service/api/employee/internal/repositories/employee_repository_gomock.go:64.91,67.2 2 2
github.com/pd120424d/mountain-service/api/employee/internal/repositories/employee_repository_gomock.go:70.69,76.2 5 5
github.com/pd120424d/mountain-service/api/employee/internal/repositories/employee_repository_gomock.go:79.69,82.2 2 5
github.com/pd120424d/mountain-service/api/employee/internal/repositories/employee_repository_gomock.go:85.93,90.2 4 5
github.com/pd120424d/mountain-service/api/employee/internal/repositories/employee_repository_gomock.go:93.102,96.2 2 5
github.com/pd120424d/mountain-service/api/employee/internal/repositories/employee_repository_gomock.go:99.98,105.2 5 3
github.com/pd120424d/mountain-service/api/employee/internal/repositories/employee_repository_gomock.go:108.104,111.2 2 3
github.com/pd120424d/mountain-service/api/employee/internal/repositories/employee_repository_gomock.go:114.106,120.2 5 23
github.com/pd120424d/mountain-service/api/employee/internal/repositories/employee_repository_gomock.go:123.95,126.2 2 24
github.com/pd120424d/mountain-service/api/employee/internal/repositories/employee_repository_gomock.go:129.81,134.2 4 2
github.com/pd120424d/mountain-service/api/employee/internal/repositories/employee_repository_gomock.go:137.97,140.2 2 2
github.com/pd120424d/mountain-service/api/employee/internal/repositories/shift_repository.go:31.72,33.2 1 0
github.com/pd120424d/mountain-service/api/employee/internal/repositories/shift_repository.go:35.102,41.16 3 0
github.com/pd120424d/mountain-service/api/employee/internal/repositories/shift_repository.go:41.16,43.3 1 0
github.com/pd120424d/mountain-service/api/employee/internal/repositories/shift_repository.go:44.2,44.20 1 0
github.com/pd120424d/mountain-service/api/employee/internal/repositories/shift_repository.go:47.83,50.16 3 0
github.com/pd120424d/mountain-service/api/employee/internal/repositories/shift_repository.go:50.16,52.3 1 0
github.com/pd120424d/mountain-service/api/employee/internal/repositories/shift_repository.go:53.2,53.44 1 0
github.com/pd120424d/mountain-service/api/employee/internal/repositories/shift_repository.go:53.44,55.3 1 0
github.com/pd120424d/mountain-service/api/employee/internal/repositories/shift_repository.go:56.2,56.65 1 0
github.com/pd120424d/mountain-service/api/employee/internal/repositories/shift_repository.go:59.102,64.16 3 0
github.com/pd120424d/mountain-service/api/employee/internal/repositories/shift_repository.go:64.16,66.3 1 0
github.com/pd120424d/mountain-service/api/employee/internal/repositories/shift_repository.go:67.2,67.19 1 0
github.com/pd120424d/mountain-service/api/employee/internal/repositories/shift_repository.go:70.104,76.55 2 0
github.com/pd120424d/mountain-service/api/employee/internal/repositories/shift_repository.go:76.55,78.3 1 0
github.com/pd120424d/mountain-service/api/employee/internal/repositories/shift_repository.go:79.2,79.27 1 0
github.com/pd120424d/mountain-service/api/employee/internal/repositories/shift_repository.go:82.95,89.2 1 0
github.com/pd120424d/mountain-service/api/employee/internal/repositories/shift_repository.go:91.107,110.16 4 0
github.com/pd120424d/mountain-service/api/employee/internal/repositories/shift_repository.go:110.16,112.3 1 0
github.com/pd120424d/mountain-service/api/employee/internal/repositories/shift_repository.go:115.2,115.31 1 0
github.com/pd120424d/mountain-service/api/employee/internal/repositories/shift_repository.go:115.31,117.55 2 0
github.com/pd120424d/mountain-service/api/employee/internal/repositories/shift_repository.go:117.55,119.4 1 0
github.com/pd120424d/mountain-service/api/employee/internal/repositories/shift_repository.go:122.2,122.26 1 0
github.com/pd120424d/mountain-service/api/employee/internal/repositories/shift_repository.go:125.76,126.96 1 0
github.com/pd120424d/mountain-service/api/employee/internal/repositories/shift_repository.go:126.96,128.3 1 0
github.com/pd120424d/mountain-service/api/employee/internal/repositories/shift_repository.go:129.2,129.12 1 0
github.com/pd120424d/mountain-service/api/employee/internal/repositories/shift_repository_gomock.go:31.75,35.2 3 3
github.com/pd120424d/mountain-service/api/employee/internal/repositories/shift_repository_gomock.go:38.73,40.2 1 0
github.com/pd120424d/mountain-service/api/employee/internal/repositories/shift_repository_gomock.go:43.87,49.2 5 0
github.com/pd120424d/mountain-service/api/employee/internal/repositories/shift_repository_gomock.go:52.106,55.2 2 0
github.com/pd120424d/mountain-service/api/employee/internal/repositories/shift_repository_gomock.go:58.106,64.2 5 0
github.com/pd120424d/mountain-service/api/employee/internal/repositories/shift_repository_gomock.go:67.117,70.2 2 0
github.com/pd120424d/mountain-service/api/employee/internal/repositories/shift_repository_gomock.go:73.108,79.2 5 0
github.com/pd120424d/mountain-service/api/employee/internal/repositories/shift_repository_gomock.go:82.120,85.2 2 0
github.com/pd120424d/mountain-service/api/employee/internal/repositories/shift_repository_gomock.go:88.106,94.2 5 0
github.com/pd120424d/mountain-service/api/employee/internal/repositories/shift_repository_gomock.go:97.108,100.2 2 0
github.com/pd120424d/mountain-service/api/employee/internal/repositories/shift_repository_gomock.go:103.111,109.2 5 0
github.com/pd120424d/mountain-service/api/employee/internal/repositories/shift_repository_gomock.go:112.96,115.2 2 0
github.com/pd120424d/mountain-service/api/employee/internal/repositories/shift_repository_gomock.go:118.99,123.2 4 0
github.com/pd120424d/mountain-service/api/employee/internal/repositories/shift_repository_gomock.go:126.111,129.2 2 0
github.com/pd120424d/mountain-service/api/employee/internal/repositories/shift_repository_gomock.go:132.80,137.2 4 0
github.com/pd120424d/mountain-service/api/employee/internal/repositories/shift_repository_gomock.go:140.107,143.2 2 0
github.com/pd120424d/mountain-service/api/employee/internal/model/dtos.go:90.51,104.2 1 1
github.com/pd120424d/mountain-service/api/employee/internal/model/dtos.go:106.50,107.19 1 3
github.com/pd120424d/mountain-service/api/employee/internal/model/dtos.go:107.19,109.3 1 1
github.com/pd120424d/mountain-service/api/employee/internal/model/dtos.go:110.2,111.12 2 2
github.com/pd120424d/mountain-service/api/employee/internal/model/dtos.go:115.47,116.20 1 3
github.com/pd120424d/mountain-service/api/employee/internal/model/dtos.go:116.20,118.3 1 1
github.com/pd120424d/mountain-service/api/employee/internal/model/dtos.go:119.2,119.43 1 2
github.com/pd120424d/mountain-service/api/employee/internal/model/entities.go:45.38,46.9 1 5
github.com/pd120424d/mountain-service/api/employee/internal/model/entities.go:47.18,48.17 1 2
github.com/pd120424d/mountain-service/api/employee/internal/model/entities.go:49.22,50.21 1 1
github.com/pd120424d/mountain-service/api/employee/internal/model/entities.go:51.26,52.25 1 1
github.com/pd120424d/mountain-service/api/employee/internal/model/entities.go:53.10,54.19 1 1
github.com/pd120424d/mountain-service/api/employee/internal/model/entities.go:58.35,60.2 1 3
github.com/pd120424d/mountain-service/api/employee/internal/model/entities.go:62.50,63.11 1 5
github.com/pd120424d/mountain-service/api/employee/internal/model/entities.go:64.15,65.15 1 2
github.com/pd120424d/mountain-service/api/employee/internal/model/entities.go:66.19,67.19 1 1
github.com/pd120424d/mountain-service/api/employee/internal/model/entities.go:68.23,69.23 1 1
github.com/pd120424d/mountain-service/api/employee/internal/model/entities.go:70.10,71.12 1 1
github.com/pd120424d/mountain-service/api/employee/internal/model/entities.go:75.34,77.2 1 1
github.com/pd120424d/mountain-service/api/employee/internal/model/entities.go:79.66,91.2 1 1
github.com/pd120424d/mountain-service/api/employee/internal/model/mapper.go:5.81,6.25 1 1
github.com/pd120424d/mountain-service/api/employee/internal/model/mapper.go:6.25,8.3 1 1
github.com/pd120424d/mountain-service/api/employee/internal/model/mapper.go:9.2,9.24 1 1
github.com/pd120424d/mountain-service/api/employee/internal/model/mapper.go:9.24,11.3 1 1
github.com/pd120424d/mountain-service/api/employee/internal/model/mapper.go:12.2,12.21 1 1
github.com/pd120424d/mountain-service/api/employee/internal/model/mapper.go:12.21,14.3 1 1
github.com/pd120424d/mountain-service/api/employee/internal/model/mapper.go:15.2,18.63 4 1
github.com/pd120424d/mountain-service/api/employee/internal/model/dtos.go:90.51,104.2 1 0
github.com/pd120424d/mountain-service/api/employee/internal/model/dtos.go:106.50,107.19 1 0
github.com/pd120424d/mountain-service/api/employee/internal/model/dtos.go:107.19,109.3 1 0
github.com/pd120424d/mountain-service/api/employee/internal/model/dtos.go:110.2,111.12 2 0
github.com/pd120424d/mountain-service/api/employee/internal/model/dtos.go:115.47,116.20 1 0
github.com/pd120424d/mountain-service/api/employee/internal/model/dtos.go:116.20,118.3 1 0
github.com/pd120424d/mountain-service/api/employee/internal/model/dtos.go:119.2,119.43 1 0
github.com/pd120424d/mountain-service/api/employee/internal/model/entities.go:45.38,46.9 1 2
github.com/pd120424d/mountain-service/api/employee/internal/model/entities.go:47.18,48.17 1 2
github.com/pd120424d/mountain-service/api/employee/internal/model/entities.go:49.22,50.21 1 0
github.com/pd120424d/mountain-service/api/employee/internal/model/entities.go:51.26,52.25 1 0
github.com/pd120424d/mountain-service/api/employee/internal/model/entities.go:53.10,54.19 1 0
github.com/pd120424d/mountain-service/api/employee/internal/model/entities.go:58.35,60.2 1 0
github.com/pd120424d/mountain-service/api/employee/internal/model/entities.go:62.50,63.11 1 0
github.com/pd120424d/mountain-service/api/employee/internal/model/entities.go:64.15,65.15 1 0
github.com/pd120424d/mountain-service/api/employee/internal/model/entities.go:66.19,67.19 1 0
github.com/pd120424d/mountain-service/api/employee/internal/model/entities.go:68.23,69.23 1 0
github.com/pd120424d/mountain-service/api/employee/internal/model/entities.go:70.10,71.12 1 0
github.com/pd120424d/mountain-service/api/employee/internal/model/entities.go:75.34,77.2 1 0
github.com/pd120424d/mountain-service/api/employee/internal/model/entities.go:79.66,91.2 1 0
github.com/pd120424d/mountain-service/api/employee/internal/model/mapper.go:5.81,6.25 1 0
github.com/pd120424d/mountain-service/api/employee/internal/model/mapper.go:6.25,8.3 1 0
github.com/pd120424d/mountain-service/api/employee/internal/model/mapper.go:9.2,9.24 1 0
github.com/pd120424d/mountain-service/api/employee/internal/model/mapper.go:9.24,11.3 1 0
github.com/pd120424d/mountain-service/api/employee/internal/model/mapper.go:12.2,12.21 1 0
github.com/pd120424d/mountain-service/api/employee/internal/model/mapper.go:12.21,14.3 1 0
github.com/pd120424d/mountain-service/api/employee/internal/model/mapper.go:15.2,18.63 4 0
github.com/pd120424d/mountain-service/api/employee/internal/repositories/employee_repository.go:27.78,29.2 1 7
github.com/pd120424d/mountain-service/api/employee/internal/repositories/employee_repository.go:32.69,34.16 2 2
github.com/pd120424d/mountain-service/api/employee/internal/repositories/employee_repository.go:34.16,36.3 1 0
github.com/pd120424d/mountain-service/api/employee/internal/repositories/employee_repository.go:37.2,38.36 2 2
github.com/pd120424d/mountain-service/api/employee/internal/repositories/employee_repository.go:42.65,46.2 3 1
github.com/pd120424d/mountain-service/api/employee/internal/repositories/employee_repository.go:49.89,51.2 1 1
github.com/pd120424d/mountain-service/api/employee/internal/repositories/employee_repository.go:54.94,58.2 3 1
github.com/pd120424d/mountain-service/api/employee/internal/repositories/employee_repository.go:60.102,63.34 3 5
github.com/pd120424d/mountain-service/api/employee/internal/repositories/employee_repository.go:63.34,65.3 1 5
github.com/pd120424d/mountain-service/api/employee/internal/repositories/employee_repository.go:66.2,68.23 3 5
github.com/pd120424d/mountain-service/api/employee/internal/repositories/employee_repository.go:71.77,73.2 1 1
github.com/pd120424d/mountain-service/api/employee/internal/repositories/employee_repository.go:76.52,79.56 2 3
github.com/pd120424d/mountain-service/api/employee/internal/repositories/employee_repository.go:79.56,81.3 1 1
github.com/pd120424d/mountain-service/api/employee/internal/repositories/employee_repository.go:84.2,84.64 1 2
github.com/pd120424d/mountain-service/api/employee/internal/repositories/employee_repository.go:84.64,86.3 1 1
github.com/pd120424d/mountain-service/api/employee/internal/repositories/employee_repository.go:88.2,88.12 1 1
github.com/pd120424d/mountain-service/api/employee/internal/repositories/employee_repository_gomock.go:30.81,34.2 3 0
github.com/pd120424d/mountain-service/api/employee/internal/repositories/employee_repository_gomock.go:37.79,39.2 1 0
github.com/pd120424d/mountain-service/api/employee/internal/repositories/employee_repository_gomock.go:42.73,47.2 4 0
github.com/pd120424d/mountain-service/api/employee/internal/repositories/employee_repository_gomock.go:50.89,53.2 2 0
github.com/pd120424d/mountain-service/api/employee/internal/repositories/employee_repository_gomock.go:56.64,61.2 4 0
github.com/pd120424d/mountain-service/api/employee/internal/repositories/employee_repository_gomock.go:64.91,67.2 2 0
github.com/pd120424d/mountain-service/api/employee/internal/repositories/employee_repository_gomock.go:70.69,76.2 5 0
github.com/pd120424d/mountain-service/api/employee/internal/repositories/employee_repository_gomock.go:79.69,82.2 2 0
github.com/pd120424d/mountain-service/api/employee/internal/repositories/employee_repository_gomock.go:85.93,90.2 4 0
github.com/pd120424d/mountain-service/api/employee/internal/repositories/employee_repository_gomock.go:93.102,96.2 2 0
github.com/pd120424d/mountain-service/api/employee/internal/repositories/employee_repository_gomock.go:99.98,105.2 5 0
github.com/pd120424d/mountain-service/api/employee/internal/repositories/employee_repository_gomock.go:108.104,111.2 2 0
github.com/pd120424d/mountain-service/api/employee/internal/repositories/employee_repository_gomock.go:114.106,120.2 5 0
github.com/pd120424d/mountain-service/api/employee/internal/repositories/employee_repository_gomock.go:123.95,126.2 2 0
github.com/pd120424d/mountain-service/api/employee/internal/repositories/employee_repository_gomock.go:129.81,134.2 4 0
github.com/pd120424d/mountain-service/api/employee/internal/repositories/employee_repository_gomock.go:137.97,140.2 2 0
github.com/pd120424d/mountain-service/api/employee/internal/repositories/shift_repository.go:31.72,33.2 1 5
github.com/pd120424d/mountain-service/api/employee/internal/repositories/shift_repository.go:35.102,41.16 3 3
github.com/pd120424d/mountain-service/api/employee/internal/repositories/shift_repository.go:41.16,43.3 1 1
github.com/pd120424d/mountain-service/api/employee/internal/repositories/shift_repository.go:44.2,44.20 1 2
github.com/pd120424d/mountain-service/api/employee/internal/repositories/shift_repository.go:47.83,50.16 3 3
github.com/pd120424d/mountain-service/api/employee/internal/repositories/shift_repository.go:50.16,52.3 1 1
github.com/pd120424d/mountain-service/api/employee/internal/repositories/shift_repository.go:53.2,53.44 1 2
github.com/pd120424d/mountain-service/api/employee/internal/repositories/shift_repository.go:53.44,55.3 1 1
github.com/pd120424d/mountain-service/api/employee/internal/repositories/shift_repository.go:56.2,56.65 1 1
github.com/pd120424d/mountain-service/api/employee/internal/repositories/shift_repository.go:59.102,64.16 3 2
github.com/pd120424d/mountain-service/api/employee/internal/repositories/shift_repository.go:64.16,66.3 1 1
github.com/pd120424d/mountain-service/api/employee/internal/repositories/shift_repository.go:67.2,67.19 1 1
github.com/pd120424d/mountain-service/api/employee/internal/repositories/shift_repository.go:70.104,76.55 2 2
github.com/pd120424d/mountain-service/api/employee/internal/repositories/shift_repository.go:76.55,78.3 1 1
github.com/pd120424d/mountain-service/api/employee/internal/repositories/shift_repository.go:79.2,79.27 1 1
github.com/pd120424d/mountain-service/api/employee/internal/repositories/shift_repository.go:82.95,89.2 1 2
github.com/pd120424d/mountain-service/api/employee/internal/repositories/shift_repository.go:91.107,110.16 4 0
github.com/pd120424d/mountain-service/api/employee/internal/repositories/shift_repository.go:110.16,112.3 1 0
github.com/pd120424d/mountain-service/api/employee/internal/repositories/shift_repository.go:115.2,115.31 1 0
github.com/pd120424d/mountain-service/api/employee/internal/repositories/shift_repository.go:115.31,117.55 2 0
github.com/pd120424d/mountain-service/api/employee/internal/repositories/shift_repository.go:117.55,119.4 1 0
github.com/pd120424d/mountain-service/api/employee/internal/repositories/shift_repository.go:122.2,122.26 1 0
github.com/pd120424d/mountain-service/api/employee/internal/repositories/shift_repository.go:125.76,126.96 1 0
github.com/pd120424d/mountain-service/api/employee/internal/repositories/shift_repository.go:126.96,128.3 1 0
github.com/pd120424d/mountain-service/api/employee/internal/repositories/shift_repository.go:129.2,129.12 1 0
github.com/pd120424d/mountain-service/api/employee/internal/repositories/shift_repository_gomock.go:31.75,35.2 3 0
github.com/pd120424d/mountain-service/api/employee/internal/repositories/shift_repository_gomock.go:38.73,40.2 1 0
github.com/pd120424d/mountain-service/api/employee/internal/repositories/shift_repository_gomock.go:43.87,49.2 5 0
github.com/pd120424d/mountain-service/api/employee/internal/repositories/shift_repository_gomock.go:52.106,55.2 2 0
github.com/pd120424d/mountain-service/api/employee/internal/repositories/shift_repository_gomock.go:58.106,64.2 5 0
github.com/pd120424d/mountain-service/api/employee/internal/repositories/shift_repository_gomock.go:67.117,70.2 2 0
github.com/pd120424d/mountain-service/api/employee/internal/repositories/shift_repository_gomock.go:73.108,79.2 5 0
github.com/pd120424d/mountain-service/api/employee/internal/repositories/shift_repository_gomock.go:82.120,85.2 2 0
github.com/pd120424d/mountain-service/api/employee/internal/repositories/shift_repository_gomock.go:88.106,94.2 5 0
github.com/pd120424d/mountain-service/api/employee/internal/repositories/shift_repository_gomock.go:97.108,100.2 2 0
github.com/pd120424d/mountain-service/api/employee/internal/repositories/shift_repository_gomock.go:103.111,109.2 5 0
github.com/pd120424d/mountain-service/api/employee/internal/repositories/shift_repository_gomock.go:112.96,115.2 2 0
github.com/pd120424d/mountain-service/api/employee/internal/repositories/shift_repository_gomock.go:118.99,123.2 4 0
github.com/pd120424d/mountain-service/api/employee/internal/repositories/shift_repository_gomock.go:126.111,129.2 2 0
github.com/pd120424d/mountain-service/api/employee/internal/repositories/shift_repository_gomock.go:132.80,137.2 4 0
github.com/pd120424d/mountain-service/api/employee/internal/repositories/shift_repository_gomock.go:140.107,143.2 2 0
